<?xml version="1.0" encoding="UTF-8"?>
<testng-results skipped="0" failed="0" total="1" passed="1">
  <reporter-output>
  </reporter-output>
  <suite name="Default suite" duration-ms="9779" started-at="2019-03-22T00:49:59Z" finished-at="2019-03-22T00:50:08Z">
    <groups>
    </groups>
    <test name="Default test" duration-ms="9779" started-at="2019-03-22T00:49:59Z" finished-at="2019-03-22T00:50:08Z">
      <class name="com.crm.qa.testcases.LoginPageTest">
        <test-method status="PASS" signature="setUp()[pri:0, instance:com.crm.qa.testcases.LoginPageTest@29774679]" name="setUp" is-config="true" duration-ms="8743" started-at="2019-03-22T06:19:59Z" finished-at="2019-03-22T06:20:07Z">
          <reporter-output>
          </reporter-output>
        </test-method> <!-- setUp -->
        <test-method status="PASS" signature="login()[pri:0, instance:com.crm.qa.testcases.LoginPageTest@29774679]" name="login" duration-ms="357" started-at="2019-03-22T06:20:07Z" finished-at="2019-03-22T06:20:08Z">
          <reporter-output>
          </reporter-output>
        </test-method> <!-- login -->
        <test-method status="PASS" signature="tearDown()[pri:0, instance:com.crm.qa.testcases.LoginPageTest@29774679]" name="tearDown" is-config="true" duration-ms="664" started-at="2019-03-22T06:20:08Z" finished-at="2019-03-22T06:20:08Z">
          <reporter-output>
          </reporter-output>
        </test-method> <!-- tearDown -->
      </class> <!-- com.crm.qa.testcases.LoginPageTest -->
    </test> <!-- Default test -->
  </suite> <!-- Default suite -->
</testng-results>
